<?xml version="1.0" encoding="UTF-8"?>
<!-- Generated by org.testng.reporters.JUnitReportReporter -->
<testsuite hostname="DESKTOP-QSEDUF4" failures="0" tests="1" name="demoDesignPattern.AmazonHomepagePageFactoryTest" time="4.026" errors="0" timestamp="2021-05-06T22:11:02 IST" skipped="0">
  <testcase classname="demoDesignPattern.AmazonHomepagePageFactoryTest" name="searchProduct" time="4.026"/>
  <system-out/>
</testsuite> <!-- demoDesignPattern.AmazonHomepagePageFactoryTest -->
