<?xml version="1.0" encoding="UTF-8"?>
<!-- Generated by org.testng.reporters.JUnitReportReporter -->
<testsuite hostname="DESKTOP-QSEDUF4" failures="0" tests="1" name="demoDesignPattern.AmazonHomepageTest" time="3.591" errors="0" timestamp="2021-05-06T20:32:34 IST" skipped="0">
  <testcase classname="demoDesignPattern.AmazonHomepageTest" name="searchProduct" time="3.591"/>
  <system-out/>
</testsuite> <!-- demoDesignPattern.AmazonHomepageTest -->
